<?xml version="1.0" encoding="UTF-8"?>
<!-- Generated by org.testng.reporters.JUnitXMLReporter -->
<testsuite hostname="DESKTOP-0KDP1L5" name="Command line test" tests="18" failures="2" timestamp="16 Nov 2017 03:35:13 GMT" time="0.087" errors="0">
  <testcase name="b1" time="0.002" classname="com.login.BTest"/>
  <testcase name="t2" time="0.0" classname="com.login.BTest">
    <failure type="java.lang.ArithmeticException" message="/ by zero">
      <![CDATA[java.lang.ArithmeticException: / by zero
	at com.login.BTest.t2(BTest.java:54)
... Removed 34 stack frames]]>
    </failure>
  </testcase> <!-- t2 -->
  <testcase name="b2" time="0.001" classname="com.login.BTest"/>
  <testcase name="b3" time="0.0" classname="com.login.BTest"/>
  <testcase name="bothNull" time="0.014" classname="com.login.LoginTest"/>
  <testcase name="invalidLogin" time="0.0" classname="com.login.LoginTest"/>
  <testcase name="passwordNull" time="0.001" classname="com.login.LoginTest"/>
  <testcase name="usernameNull" time="0.0" classname="com.login.LoginTest"/>
  <testcase name="validLogin" time="0.001" classname="com.login.LoginTest">
    <failure type="java.lang.AssertionError" message="expected [Login Successful] but found [Login Failed]">
      <![CDATA[java.lang.AssertionError: expected [Login Successful] but found [Login Failed]
	at com.login.LoginTest.validLogin(LoginTest.java:35)
... Removed 40 stack frames]]>
    </failure>
  </testcase> <!-- validLogin -->
  <testcase name="a1" time="0.0" classname="com.login.ZTest"/>
  <testcase name="a2" time="0.001" classname="com.login.ZTest"/>
  <testcase name="a3" time="0.001" classname="com.login.ZTest"/>
  <testcase name="c2" time="0.0" classname="com.login.xTest"/>
  <testcase name="c3" time="0.0" classname="com.login.xTest"/>
  <testcase name="c4" time="0.0" classname="com.login.xTest"/>
  <testcase name="c5" time="0.0" classname="com.login.xTest"/>
  <testcase name="z1" time="0.001" classname="com.login.xTest"/>
  <testcase name="t1" time="0.0" classname="com.login.BTest">
    <skipped/>
  </testcase> <!-- t1 -->
</testsuite> <!-- Command line test -->
